# JRE version: Java(TM) SE Runtime Environment (10.0.1+10) (build 10.0.1+10)
# Java VM: Java HotSpot(TM) 64-Bit Server VM (10.0.1+10, mixed mode, tiered, compressed oops, g1 gc, windows-amd64)
Heap:
 garbage-first heap   total 262144K, used 119532K [0x00000006c1400000, 0x00000007c0000000)
  region size 1024K, 111 young (113664K), 7 survivors (7168K)
 Metaspace       used 40986K, capacity 41836K, committed 42368K, reserved 1087488K
  class space    used 4816K, capacity 5123K, committed 5248K, reserved 1048576K
GC Heap History (8 events):
Event: 0.734 GC heap before
{Heap before GC invocations=0 (full 0):
 garbage-first heap   total 262144K, used 26624K [0x00000006c1400000, 0x00000007c0000000)
  region size 1024K, 24 young (24576K), 0 survivors (0K)
 Metaspace       used 11921K, capacity 12195K, committed 12544K, reserved 1060864K
  class space    used 1070K, capacity 1156K, committed 1280K, reserved 1048576K
}
Event: 0.738 GC heap after
{Heap after GC invocations=1 (full 0):
 garbage-first heap   total 262144K, used 7484K [0x00000006c1400000, 0x00000007c0000000)
  region size 1024K, 3 young (3072K), 3 survivors (3072K)
 Metaspace       used 11921K, capacity 12195K, committed 12544K, reserved 1060864K
  class space    used 1070K, capacity 1156K, committed 1280K, reserved 1048576K
}
Event: 1.704 GC heap before
{Heap before GC invocations=1 (full 0):
 garbage-first heap   total 262144K, used 68924K [0x00000006c1400000, 0x00000007c0000000)
  region size 1024K, 64 young (65536K), 3 survivors (3072K)
 Metaspace       used 20508K, capacity 20968K, committed 21296K, reserved 1069056K
  class space    used 2116K, capacity 2327K, committed 2432K, reserved 1048576K
}
Event: 1.710 GC heap after
{Heap after GC invocations=2 (full 0):
 garbage-first heap   total 262144K, used 9816K [0x00000006c1400000, 0x00000007c0000000)
  region size 1024K, 6 young (6144K), 6 survivors (6144K)
 Metaspace       used 20508K, capacity 20968K, committed 21296K, reserved 1069056K
  class space    used 2116K, capacity 2327K, committed 2432K, reserved 1048576K
}
Event: 2.518 GC heap before
{Heap before GC invocations=3 (full 0):
 garbage-first heap   total 262144K, used 85592K [0x00000006c1400000, 0x00000007c0000000)
  region size 1024K, 80 young (81920K), 6 survivors (6144K)
 Metaspace       used 26587K, capacity 27140K, committed 27520K, reserved 1073152K
  class space    used 2845K, capacity 3092K, committed 3200K, reserved 1048576K
}
Event: 2.525 GC heap after
{Heap after GC invocations=4 (full 0):
 garbage-first heap   total 262144K, used 11554K [0x00000006c1400000, 0x00000007c0000000)
  region size 1024K, 5 young (5120K), 5 survivors (5120K)
 Metaspace       used 26587K, capacity 27140K, committed 27520K, reserved 1073152K
  class space    used 2845K, capacity 3092K, committed 3200K, reserved 1048576K
}
Event: 3.680 GC heap before
{Heap before GC invocations=4 (full 0):
 garbage-first heap   total 262144K, used 132386K [0x00000006c1400000, 0x00000007c0000000)
  region size 1024K, 124 young (126976K), 5 survivors (5120K)
 Metaspace       used 35060K, capacity 35766K, committed 35920K, reserved 1081344K
  class space    used 4055K, capacity 4340K, committed 4352K, reserved 1048576K
}
Event: 3.688 GC heap after
{Heap after GC invocations=5 (full 0):
 garbage-first heap   total 262144K, used 14060K [0x00000006c1400000, 0x00000007c0000000)
  region size 1024K, 7 young (7168K), 7 survivors (7168K)
 Metaspace       used 35060K, capacity 35766K, committed 35920K, reserved 1081344K
  class space    used 4055K, capacity 4340K, committed 4352K, reserved 1048576K
}

